2026-01-15 21:33:35 - health_food_system - INFO - logger.py:76 - Logger initialized with level: INFO
2026-01-15 21:42:06 - health_food_system - INFO - logger.py:76 - Logger initialized with level: INFO
2026-01-15 21:42:38 - health_food_system - INFO - logger.py:76 - Logger initialized with level: INFO
2026-01-16 01:02:13 - health_food_system - INFO - logger.py:76 - Logger initialized with level: INFO
2026-01-16 01:05:42 - health_food_system - INFO - logger.py:76 - Logger initialized with level: INFO
2026-01-16 01:08:57 - health_food_system - INFO - logger.py:76 - Logger initialized with level: INFO
2026-01-16 01:09:00 - health_food_system - INFO - main.py:31 - Initializing Health Food Expert System...
2026-01-16 01:09:00 - health_food_system - ERROR - main.py:52 - Failed to initialize system: abcd parameter must have exactly four elements.
2026-01-16 01:09:00 - health_food_system - ERROR - main.py:275 - Fatal error: abcd parameter must have exactly four elements.
2026-01-16 01:12:29 - health_food_system - INFO - logger.py:76 - Logger initialized with level: INFO
2026-01-16 01:12:32 - health_food_system - INFO - main.py:31 - Initializing Health Food Expert System...
2026-01-16 01:12:32 - health_food_system - ERROR - main.py:52 - Failed to initialize system: Rule.__init__() got an unexpected keyword argument 'weight'
2026-01-16 01:12:32 - health_food_system - ERROR - main.py:275 - Fatal error: Rule.__init__() got an unexpected keyword argument 'weight'
2026-01-16 01:14:05 - health_food_system - INFO - logger.py:76 - Logger initialized with level: INFO
2026-01-16 01:14:08 - health_food_system - INFO - main.py:31 - Initializing Health Food Expert System...
2026-01-16 01:14:09 - health_food_system - INFO - main.py:41 - System components initialized successfully
2026-01-16 01:14:23 - health_food_system - INFO - logger.py:76 - Logger initialized with level: INFO
2026-01-16 01:14:26 - health_food_system - INFO - main.py:31 - Initializing Health Food Expert System...
2026-01-16 01:14:27 - health_food_system - INFO - main.py:41 - System components initialized successfully
2026-01-16 01:16:12 - health_food_system - INFO - logger.py:76 - Logger initialized with level: INFO
2026-01-16 01:16:15 - health_food_system - INFO - main.py:31 - Initializing Health Food Expert System...
2026-01-16 01:16:16 - health_food_system - INFO - main.py:41 - System components initialized successfully
2026-01-16 01:16:42 - health_food_system - INFO - logger.py:76 - Logger initialized with level: INFO
2026-01-16 01:16:45 - health_food_system - INFO - main.py:31 - Initializing Health Food Expert System...
2026-01-16 01:16:46 - health_food_system - INFO - main.py:41 - System components initialized successfully
2026-01-16 01:17:28 - health_food_system - INFO - logger.py:76 - Logger initialized with level: INFO
2026-01-16 01:17:31 - health_food_system - INFO - main.py:31 - Initializing Health Food Expert System...
2026-01-16 01:17:32 - health_food_system - INFO - main.py:41 - System components initialized successfully
2026-01-16 01:17:38 - health_food_system - INFO - logger.py:76 - Logger initialized with level: INFO
2026-01-16 01:17:41 - health_food_system - INFO - main.py:31 - Initializing Health Food Expert System...
2026-01-16 01:17:43 - health_food_system - INFO - main.py:41 - System components initialized successfully
2026-01-16 01:17:43 - health_food_system - ERROR - main.py:275 - Fatal error: No module named 'tensorflow'
2026-01-16 01:36:28 - health_food_system - INFO - logger.py:76 - Logger initialized with level: INFO
2026-01-16 01:36:32 - health_food_system - INFO - main.py:31 - Initializing Health Food Expert System...
2026-01-16 01:36:35 - health_food_system - INFO - main.py:41 - System components initialized successfully
2026-01-16 01:36:40 - health_food_system - ERROR - main.py:275 - Fatal error: No module named 'PyPDF2'
2026-01-16 01:37:17 - health_food_system - INFO - logger.py:76 - Logger initialized with level: INFO
2026-01-16 01:37:20 - health_food_system - INFO - main.py:31 - Initializing Health Food Expert System...
2026-01-16 01:37:23 - health_food_system - INFO - main.py:41 - System components initialized successfully
2026-01-16 01:37:29 - health_food_system - ERROR - main.py:275 - Fatal error: 'KnowledgeEngine' object has no attribute 'knowledge_base'
2026-01-16 01:37:56 - health_food_system - INFO - logger.py:76 - Logger initialized with level: INFO
2026-01-16 01:38:00 - health_food_system - INFO - main.py:31 - Initializing Health Food Expert System...
2026-01-16 01:38:02 - health_food_system - INFO - main.py:41 - System components initialized successfully
2026-01-16 01:38:08 - health_food_system - INFO - logger.py:76 - Logger initialized with level: INFO
2026-01-16 01:38:11 - health_food_system - INFO - main.py:31 - Initializing Health Food Expert System...
2026-01-16 01:38:14 - health_food_system - INFO - main.py:41 - System components initialized successfully
2026-01-16 01:38:57 - health_food_system - INFO - logger.py:76 - Logger initialized with level: INFO
2026-01-16 01:39:00 - health_food_system - INFO - main.py:31 - Initializing Health Food Expert System...
2026-01-16 01:39:03 - health_food_system - INFO - main.py:41 - System components initialized successfully
2026-01-16 08:04:49 - health_food_system - INFO - logger.py:76 - Logger initialized with level: INFO
2026-01-16 08:05:04 - health_food_system - INFO - main.py:31 - Initializing Health Food Expert System...
2026-01-16 08:05:06 - health_food_system - INFO - main.py:41 - System components initialized successfully
2026-01-16 08:05:15 - health_food_system - INFO - logger.py:76 - Logger initialized with level: INFO
2026-01-16 08:05:18 - health_food_system - INFO - main.py:31 - Initializing Health Food Expert System...
2026-01-16 08:05:20 - health_food_system - INFO - main.py:41 - System components initialized successfully
2026-01-16 08:10:50 - health_food_system - INFO - logger.py:76 - Logger initialized with level: INFO
2026-01-16 08:10:53 - health_food_system - INFO - main.py:31 - Initializing Health Food Expert System...
2026-01-16 08:10:56 - health_food_system - INFO - main.py:41 - System components initialized successfully
2026-01-16 08:15:51 - health_food_system - INFO - logger.py:76 - Logger initialized with level: INFO
2026-01-16 08:15:54 - health_food_system - INFO - main.py:31 - Initializing Health Food Expert System...
2026-01-16 08:15:57 - health_food_system - INFO - main.py:41 - System components initialized successfully
2026-01-16 08:15:59 - health_food_system - INFO - logger.py:76 - Logger initialized with level: INFO
2026-01-16 08:16:02 - health_food_system - INFO - main.py:31 - Initializing Health Food Expert System...
2026-01-16 08:16:04 - health_food_system - INFO - main.py:41 - System components initialized successfully
2026-01-16 08:16:11 - health_food_system - INFO - logger.py:76 - Logger initialized with level: INFO
2026-01-16 08:16:14 - health_food_system - INFO - main.py:31 - Initializing Health Food Expert System...
2026-01-16 08:16:16 - health_food_system - INFO - main.py:41 - System components initialized successfully
2026-01-16 08:16:17 - health_food_system - INFO - logger.py:76 - Logger initialized with level: INFO
2026-01-16 08:16:21 - health_food_system - INFO - main.py:31 - Initializing Health Food Expert System...
2026-01-16 08:16:23 - health_food_system - INFO - main.py:41 - System components initialized successfully
2026-01-16 08:16:42 - health_food_system - INFO - logger.py:76 - Logger initialized with level: INFO
2026-01-16 08:16:45 - health_food_system - INFO - main.py:31 - Initializing Health Food Expert System...
2026-01-16 08:16:47 - health_food_system - INFO - main.py:41 - System components initialized successfully
2026-01-16 08:16:49 - health_food_system - INFO - logger.py:76 - Logger initialized with level: INFO
2026-01-16 08:16:53 - health_food_system - INFO - main.py:31 - Initializing Health Food Expert System...
2026-01-16 08:16:55 - health_food_system - INFO - main.py:41 - System components initialized successfully
2026-01-16 08:17:03 - health_food_system - INFO - logger.py:76 - Logger initialized with level: INFO
2026-01-16 08:17:05 - health_food_system - INFO - main.py:31 - Initializing Health Food Expert System...
2026-01-16 08:17:08 - health_food_system - INFO - main.py:41 - System components initialized successfully
2026-01-16 08:17:23 - health_food_system - INFO - logger.py:76 - Logger initialized with level: INFO
2026-01-16 08:17:26 - health_food_system - INFO - main.py:31 - Initializing Health Food Expert System...
2026-01-16 08:17:28 - health_food_system - INFO - main.py:41 - System components initialized successfully
2026-01-16 08:17:34 - health_food_system - INFO - logger.py:76 - Logger initialized with level: INFO
2026-01-16 08:17:38 - health_food_system - INFO - main.py:31 - Initializing Health Food Expert System...
2026-01-16 08:17:40 - health_food_system - INFO - main.py:41 - System components initialized successfully
2026-01-16 08:17:55 - health_food_system - INFO - logger.py:76 - Logger initialized with level: INFO
2026-01-16 08:17:58 - health_food_system - INFO - main.py:31 - Initializing Health Food Expert System...
2026-01-16 08:18:00 - health_food_system - INFO - main.py:44 - System components initialized successfully
2026-01-16 08:18:03 - health_food_system - INFO - logger.py:76 - Logger initialized with level: INFO
2026-01-16 08:18:06 - health_food_system - INFO - main.py:31 - Initializing Health Food Expert System...
2026-01-16 08:18:09 - health_food_system - INFO - main.py:44 - System components initialized successfully
2026-01-16 08:18:17 - health_food_system - INFO - logger.py:76 - Logger initialized with level: INFO
2026-01-16 08:18:20 - health_food_system - INFO - main.py:31 - Initializing Health Food Expert System...
2026-01-16 08:18:22 - health_food_system - INFO - main.py:44 - System components initialized successfully
2026-01-16 08:18:52 - health_food_system - INFO - logger.py:76 - Logger initialized with level: INFO
2026-01-16 08:18:55 - health_food_system - INFO - main.py:31 - Initializing Health Food Expert System...
2026-01-16 08:18:58 - health_food_system - INFO - main.py:44 - System components initialized successfully
2026-01-16 08:19:13 - health_food_system - INFO - logger.py:76 - Logger initialized with level: INFO
2026-01-16 08:19:16 - health_food_system - INFO - main.py:31 - Initializing Health Food Expert System...
2026-01-16 08:19:16 - health_food_system - INFO - logger.py:76 - Logger initialized with level: INFO
2026-01-16 08:19:18 - health_food_system - INFO - main.py:44 - System components initialized successfully
2026-01-16 08:19:19 - health_food_system - INFO - main.py:31 - Initializing Health Food Expert System...
2026-01-16 08:19:22 - health_food_system - INFO - main.py:44 - System components initialized successfully
2026-01-16 08:20:42 - health_food_system - INFO - logger.py:76 - Logger initialized with level: INFO
2026-01-16 08:20:45 - health_food_system - INFO - main.py:31 - Initializing Health Food Expert System...
2026-01-16 08:20:45 - health_food_system - ERROR - main.py:55 - Failed to initialize system: 'KnowledgeEngine' object has no attribute 'dishes'
2026-01-16 08:20:45 - health_food_system - ERROR - main.py:278 - Fatal error: 'KnowledgeEngine' object has no attribute 'dishes'
2026-01-16 08:20:54 - health_food_system - INFO - logger.py:76 - Logger initialized with level: INFO
2026-01-16 08:20:57 - health_food_system - INFO - main.py:31 - Initializing Health Food Expert System...
2026-01-16 08:20:57 - health_food_system - ERROR - main.py:55 - Failed to initialize system: 'KnowledgeEngine' object has no attribute 'dishes'
2026-01-16 08:20:57 - health_food_system - ERROR - main.py:278 - Fatal error: 'KnowledgeEngine' object has no attribute 'dishes'
2026-01-16 08:22:19 - health_food_system - INFO - logger.py:76 - Logger initialized with level: INFO
2026-01-16 08:22:22 - health_food_system - INFO - main.py:31 - Initializing Health Food Expert System...
2026-01-16 08:22:22 - health_food_system - ERROR - main.py:55 - Failed to initialize system: 'KnowledgeEngine' object has no attribute 'dishes'
2026-01-16 08:22:22 - health_food_system - ERROR - main.py:278 - Fatal error: 'KnowledgeEngine' object has no attribute 'dishes'
2026-01-16 08:22:55 - health_food_system - INFO - logger.py:76 - Logger initialized with level: INFO
2026-01-16 08:23:40 - health_food_system - INFO - logger.py:76 - Logger initialized with level: INFO
2026-01-16 08:24:22 - health_food_system - INFO - logger.py:76 - Logger initialized with level: INFO
2026-01-16 08:24:25 - health_food_system - INFO - main.py:31 - Initializing Health Food Expert System...
2026-01-16 08:24:27 - health_food_system - INFO - main.py:44 - System components initialized successfully
2026-01-16 08:48:07 - health_food_system - INFO - logger.py:76 - Logger initialized with level: INFO
2026-01-16 08:56:01 - health_food_system - INFO - logger.py:76 - Logger initialized with level: INFO
2026-01-16 08:57:09 - health_food_system - INFO - logger.py:76 - Logger initialized with level: INFO
2026-01-16 09:50:12 - health_food_system - INFO - logger.py:76 - Logger initialized with level: INFO
2026-01-16 09:50:15 - health_food_system - INFO - main.py:36 - Initializing Health Food Expert System...
2026-01-16 09:50:17 - health_food_system - INFO - main.py:49 - System components initialized successfully
2026-01-16 09:50:17 - health_food_system - INFO - main.py:36 - Initializing Health Food Expert System...
2026-01-16 09:50:20 - health_food_system - INFO - main.py:49 - System components initialized successfully
2026-01-16 09:50:20 - health_food_system - INFO - logger.py:76 - Logger initialized with level: INFO
2026-01-16 09:50:22 - health_food_system - INFO - main.py:36 - Initializing Health Food Expert System...
2026-01-16 09:50:25 - health_food_system - INFO - main.py:49 - System components initialized successfully
2026-01-16 09:50:25 - health_food_system - INFO - main.py:36 - Initializing Health Food Expert System...
2026-01-16 09:50:28 - health_food_system - INFO - main.py:49 - System components initialized successfully
2026-01-16 09:53:42 - health_food_system - INFO - logger.py:76 - Logger initialized with level: INFO
2026-01-16 10:07:47 - health_food_system - INFO - logger.py:76 - Logger initialized with level: INFO
2026-01-16 10:21:51 - health_food_system - INFO - logger.py:76 - Logger initialized with level: INFO
2026-01-16 10:21:54 - health_food_system - INFO - main.py:36 - Initializing Health Food Expert System...
2026-01-16 10:21:56 - health_food_system - INFO - main.py:49 - System components initialized successfully
2026-01-16 10:21:56 - health_food_system - INFO - main.py:36 - Initializing Health Food Expert System...
2026-01-16 10:21:59 - health_food_system - INFO - main.py:49 - System components initialized successfully
2026-01-16 10:25:46 - health_food_system - INFO - logger.py:76 - Logger initialized with level: INFO
2026-01-16 10:37:26 - health_food_system - INFO - logger.py:76 - Logger initialized with level: INFO
2026-01-16 10:39:11 - health_food_system - INFO - logger.py:76 - Logger initialized with level: INFO
2026-01-16 10:44:34 - health_food_system - INFO - logger.py:76 - Logger initialized with level: INFO
2026-01-16 10:45:40 - health_food_system - INFO - logger.py:76 - Logger initialized with level: INFO
2026-01-16 10:45:41 - health_food_system - INFO - main.py:36 - Initializing Health Food Expert System...
2026-01-16 10:45:43 - health_food_system - INFO - main.py:49 - System components initialized successfully
2026-01-16 10:45:43 - health_food_system - INFO - main.py:36 - Initializing Health Food Expert System...
2026-01-16 10:45:44 - health_food_system - INFO - main.py:49 - System components initialized successfully
2026-01-16 10:45:44 - health_food_system - INFO - logger.py:76 - Logger initialized with level: INFO
2026-01-16 10:45:46 - health_food_system - INFO - main.py:36 - Initializing Health Food Expert System...
2026-01-16 10:45:47 - health_food_system - INFO - main.py:49 - System components initialized successfully
2026-01-16 10:45:47 - health_food_system - INFO - main.py:36 - Initializing Health Food Expert System...
2026-01-16 10:45:48 - health_food_system - INFO - main.py:49 - System components initialized successfully
2026-01-16 10:47:26 - health_food_system - INFO - logger.py:76 - Logger initialized with level: INFO
2026-01-16 10:47:27 - health_food_system - INFO - main.py:36 - Initializing Health Food Expert System...
2026-01-16 10:47:29 - health_food_system - INFO - main.py:49 - System components initialized successfully
2026-01-16 10:47:29 - health_food_system - INFO - main.py:36 - Initializing Health Food Expert System...
2026-01-16 10:47:30 - health_food_system - INFO - main.py:49 - System components initialized successfully
2026-01-16 10:47:30 - health_food_system - INFO - logger.py:76 - Logger initialized with level: INFO
2026-01-16 10:47:32 - health_food_system - INFO - main.py:36 - Initializing Health Food Expert System...
2026-01-16 10:47:33 - health_food_system - INFO - main.py:49 - System components initialized successfully
2026-01-16 10:47:33 - health_food_system - INFO - main.py:36 - Initializing Health Food Expert System...
2026-01-16 10:47:34 - health_food_system - INFO - main.py:49 - System components initialized successfully
2026-01-16 10:55:49 - health_food_system - INFO - logger.py:76 - Logger initialized with level: INFO
2026-01-16 10:55:51 - health_food_system - INFO - main.py:36 - Initializing Health Food Expert System...
2026-01-16 10:55:52 - health_food_system - INFO - main.py:49 - System components initialized successfully
2026-01-16 10:55:52 - health_food_system - INFO - main.py:36 - Initializing Health Food Expert System...
2026-01-16 10:55:53 - health_food_system - INFO - main.py:49 - System components initialized successfully
2026-01-16 10:55:53 - health_food_system - INFO - logger.py:76 - Logger initialized with level: INFO
2026-01-16 10:55:55 - health_food_system - INFO - main.py:36 - Initializing Health Food Expert System...
2026-01-16 10:55:56 - health_food_system - INFO - main.py:49 - System components initialized successfully
2026-01-16 10:55:56 - health_food_system - INFO - main.py:36 - Initializing Health Food Expert System...
2026-01-16 10:55:58 - health_food_system - INFO - main.py:49 - System components initialized successfully
2026-01-16 10:57:13 - health_food_system - INFO - logger.py:76 - Logger initialized with level: INFO
2026-01-16 10:57:15 - health_food_system - INFO - main.py:36 - Initializing Health Food Expert System...
2026-01-16 10:57:16 - health_food_system - INFO - main.py:49 - System components initialized successfully
2026-01-16 10:57:16 - health_food_system - INFO - main.py:36 - Initializing Health Food Expert System...
2026-01-16 10:57:18 - health_food_system - INFO - main.py:49 - System components initialized successfully
2026-01-16 10:57:18 - health_food_system - INFO - logger.py:76 - Logger initialized with level: INFO
2026-01-16 10:57:20 - health_food_system - INFO - main.py:36 - Initializing Health Food Expert System...
2026-01-16 10:57:21 - health_food_system - INFO - main.py:49 - System components initialized successfully
2026-01-16 10:57:21 - health_food_system - INFO - main.py:36 - Initializing Health Food Expert System...
2026-01-16 10:57:22 - health_food_system - INFO - main.py:49 - System components initialized successfully
2026-01-16 10:57:22 - health_food_system - INFO - main.py:245 - Received recommendation request: {'symptoms': 'đau đầu'}
2026-01-16 10:57:22 - health_food_system - INFO - main.py:314 - Generated 0 recommendations for symptoms: ['đau đầu']
2026-01-16 10:57:31 - health_food_system - INFO - logger.py:76 - Logger initialized with level: INFO
2026-01-16 10:57:33 - health_food_system - INFO - main.py:36 - Initializing Health Food Expert System...
2026-01-16 10:57:34 - health_food_system - INFO - main.py:49 - System components initialized successfully
2026-01-16 10:57:34 - health_food_system - INFO - main.py:36 - Initializing Health Food Expert System...
2026-01-16 10:57:35 - health_food_system - INFO - main.py:49 - System components initialized successfully
2026-01-16 10:57:36 - health_food_system - INFO - logger.py:76 - Logger initialized with level: INFO
2026-01-16 10:57:37 - health_food_system - INFO - main.py:36 - Initializing Health Food Expert System...
2026-01-16 10:57:38 - health_food_system - INFO - main.py:49 - System components initialized successfully
2026-01-16 10:57:39 - health_food_system - INFO - main.py:36 - Initializing Health Food Expert System...
2026-01-16 10:57:40 - health_food_system - INFO - main.py:49 - System components initialized successfully
2026-01-16 10:57:40 - health_food_system - INFO - main.py:245 - Received recommendation request: {'symptoms': 'đau đầu'}
2026-01-16 10:57:40 - health_food_system - INFO - main.py:314 - Generated 0 recommendations for symptoms: ['đau đầu']
2026-01-16 10:58:00 - health_food_system - INFO - logger.py:76 - Logger initialized with level: INFO
2026-01-16 10:58:02 - health_food_system - INFO - main.py:36 - Initializing Health Food Expert System...
2026-01-16 10:58:03 - health_food_system - INFO - main.py:49 - System components initialized successfully
2026-01-16 10:58:03 - health_food_system - INFO - main.py:36 - Initializing Health Food Expert System...
2026-01-16 10:58:05 - health_food_system - INFO - main.py:49 - System components initialized successfully
2026-01-16 10:58:05 - health_food_system - INFO - logger.py:76 - Logger initialized with level: INFO
2026-01-16 10:58:07 - health_food_system - INFO - main.py:36 - Initializing Health Food Expert System...
2026-01-16 10:58:07 - health_food_system - INFO - main.py:245 - Received recommendation request: {'symptoms': 'mệt mỏi'}
2026-01-16 10:58:07 - health_food_system - INFO - main.py:314 - Generated 0 recommendations for symptoms: ['mệt mỏi']
2026-01-16 10:58:08 - health_food_system - INFO - main.py:49 - System components initialized successfully
2026-01-16 10:58:08 - health_food_system - INFO - main.py:36 - Initializing Health Food Expert System...
2026-01-16 10:58:09 - health_food_system - INFO - main.py:245 - Received recommendation request: {'symptoms': 'tiêu hóa yếu'}
2026-01-16 10:58:09 - health_food_system - INFO - main.py:314 - Generated 0 recommendations for symptoms: []
2026-01-16 10:58:10 - health_food_system - INFO - main.py:49 - System components initialized successfully
2026-01-16 10:58:11 - health_food_system - INFO - main.py:245 - Received recommendation request: {'symptoms': 'cảm lạnh'}
2026-01-16 10:58:11 - health_food_system - INFO - main.py:314 - Generated 0 recommendations for symptoms: []
2026-01-16 10:58:30 - health_food_system - INFO - logger.py:76 - Logger initialized with level: INFO
2026-01-16 10:58:32 - health_food_system - INFO - main.py:36 - Initializing Health Food Expert System...
2026-01-16 10:58:33 - health_food_system - INFO - main.py:49 - System components initialized successfully
2026-01-16 10:58:33 - health_food_system - INFO - main.py:36 - Initializing Health Food Expert System...
2026-01-16 10:58:35 - health_food_system - INFO - main.py:49 - System components initialized successfully
2026-01-16 10:58:35 - health_food_system - INFO - logger.py:76 - Logger initialized with level: INFO
2026-01-16 10:58:37 - health_food_system - INFO - main.py:36 - Initializing Health Food Expert System...
2026-01-16 10:58:38 - health_food_system - INFO - main.py:49 - System components initialized successfully
2026-01-16 10:58:38 - health_food_system - INFO - main.py:36 - Initializing Health Food Expert System...
2026-01-16 10:58:39 - health_food_system - INFO - main.py:49 - System components initialized successfully
2026-01-16 10:58:39 - health_food_system - INFO - main.py:245 - Received recommendation request: {'symptoms': 'cảm lạnh'}
2026-01-16 10:58:39 - health_food_system - INFO - main.py:319 - Generated 0 recommendations for symptoms: []
2026-01-16 10:58:41 - health_food_system - INFO - main.py:245 - Received recommendation request: {'symptoms': 'sau ốm'}
2026-01-16 10:58:41 - health_food_system - INFO - main.py:319 - Generated 0 recommendations for symptoms: []
2026-01-16 10:58:43 - health_food_system - INFO - main.py:245 - Received recommendation request: {'symptoms': 'hàn'}
2026-01-16 10:58:43 - health_food_system - INFO - main.py:319 - Generated 0 recommendations for symptoms: []
2026-01-16 10:59:30 - health_food_system - INFO - logger.py:76 - Logger initialized with level: INFO
2026-01-16 10:59:32 - health_food_system - INFO - main.py:36 - Initializing Health Food Expert System...
2026-01-16 10:59:33 - health_food_system - INFO - main.py:49 - System components initialized successfully
2026-01-16 10:59:34 - health_food_system - INFO - main.py:36 - Initializing Health Food Expert System...
2026-01-16 10:59:35 - health_food_system - INFO - main.py:49 - System components initialized successfully
2026-01-16 10:59:35 - health_food_system - INFO - logger.py:76 - Logger initialized with level: INFO
2026-01-16 10:59:37 - health_food_system - INFO - main.py:36 - Initializing Health Food Expert System...
2026-01-16 10:59:38 - health_food_system - INFO - main.py:49 - System components initialized successfully
2026-01-16 10:59:38 - health_food_system - INFO - main.py:36 - Initializing Health Food Expert System...
2026-01-16 10:59:40 - health_food_system - INFO - main.py:49 - System components initialized successfully
2026-01-16 10:59:41 - health_food_system - INFO - main.py:245 - Received recommendation request: {'symptoms': 'cảm lạnh'}
2026-01-16 10:59:41 - health_food_system - INFO - main.py:319 - Generated 0 recommendations for symptoms: []
2026-01-16 11:00:44 - health_food_system - INFO - logger.py:76 - Logger initialized with level: INFO
2026-01-16 11:00:46 - health_food_system - INFO - main.py:36 - Initializing Health Food Expert System...
2026-01-16 11:00:47 - health_food_system - INFO - main.py:49 - System components initialized successfully
2026-01-16 11:00:47 - health_food_system - INFO - main.py:36 - Initializing Health Food Expert System...
2026-01-16 11:00:48 - health_food_system - INFO - main.py:49 - System components initialized successfully
2026-01-16 11:00:48 - health_food_system - INFO - logger.py:76 - Logger initialized with level: INFO
2026-01-16 11:00:50 - health_food_system - INFO - main.py:36 - Initializing Health Food Expert System...
2026-01-16 11:00:51 - health_food_system - INFO - main.py:49 - System components initialized successfully
2026-01-16 11:00:51 - health_food_system - INFO - main.py:36 - Initializing Health Food Expert System...
2026-01-16 11:00:52 - health_food_system - INFO - main.py:49 - System components initialized successfully
2026-01-16 11:01:02 - health_food_system - INFO - logger.py:76 - Logger initialized with level: INFO
2026-01-16 11:01:04 - health_food_system - INFO - main.py:36 - Initializing Health Food Expert System...
2026-01-16 11:01:06 - health_food_system - INFO - main.py:49 - System components initialized successfully
2026-01-16 11:01:06 - health_food_system - INFO - main.py:36 - Initializing Health Food Expert System...
2026-01-16 11:01:07 - health_food_system - INFO - main.py:49 - System components initialized successfully
2026-01-16 11:01:07 - health_food_system - INFO - logger.py:76 - Logger initialized with level: INFO
2026-01-16 11:01:09 - health_food_system - INFO - main.py:36 - Initializing Health Food Expert System...
2026-01-16 11:01:10 - health_food_system - INFO - main.py:49 - System components initialized successfully
2026-01-16 11:01:10 - health_food_system - INFO - main.py:36 - Initializing Health Food Expert System...
2026-01-16 11:01:11 - health_food_system - INFO - main.py:49 - System components initialized successfully
2026-01-16 11:03:00 - health_food_system - INFO - logger.py:76 - Logger initialized with level: INFO
2026-01-16 11:03:02 - health_food_system - INFO - main.py:36 - Initializing Health Food Expert System...
2026-01-16 11:03:03 - health_food_system - INFO - main.py:49 - System components initialized successfully
2026-01-16 11:03:03 - health_food_system - INFO - main.py:36 - Initializing Health Food Expert System...
2026-01-16 11:03:05 - health_food_system - INFO - main.py:49 - System components initialized successfully
2026-01-16 11:03:18 - health_food_system - INFO - main.py:245 - Received recommendation request: {'symptoms': 'cảm lạnh', 'age': 25, 'weight': 65, 'height': 170, 'gender': 'male'}
2026-01-16 11:03:18 - health_food_system - INFO - main.py:276 - Extracted symptoms: ['cảm lạnh', 'hàn'] from text: 'cảm lạnh'
2026-01-16 11:03:18 - health_food_system - INFO - main.py:324 - Generated 5 recommendations for symptoms: ['cảm lạnh', 'hàn']
2026-01-16 11:03:20 - health_food_system - INFO - main.py:245 - Received recommendation request: {'symptoms': 'sau ốm', 'age': 25, 'weight': 65, 'height': 170, 'gender': 'male'}
2026-01-16 11:03:20 - health_food_system - INFO - main.py:276 - Extracted symptoms: ['sau ốm'] from text: 'sau ốm'
2026-01-16 11:03:20 - health_food_system - INFO - main.py:324 - Generated 2 recommendations for symptoms: ['sau ốm']
2026-01-16 11:03:22 - health_food_system - INFO - main.py:245 - Received recommendation request: {'symptoms': 'hàn', 'age': 25, 'weight': 65, 'height': 170, 'gender': 'male'}
2026-01-16 11:03:22 - health_food_system - INFO - main.py:276 - Extracted symptoms: ['hàn'] from text: 'hàn'
2026-01-16 11:03:22 - health_food_system - INFO - main.py:324 - Generated 5 recommendations for symptoms: ['hàn']
2026-01-16 11:03:24 - health_food_system - INFO - main.py:245 - Received recommendation request: {'symptoms': 'đau bụng', 'age': 25, 'weight': 65, 'height': 170, 'gender': 'male'}
2026-01-16 11:03:24 - health_food_system - INFO - main.py:276 - Extracted symptoms: ['đau bụng'] from text: 'đau bụng'
2026-01-16 11:03:24 - health_food_system - INFO - main.py:324 - Generated 1 recommendations for symptoms: ['đau bụng']
2026-01-16 11:03:26 - health_food_system - INFO - main.py:245 - Received recommendation request: {'symptoms': 'tiêu chảy', 'age': 25, 'weight': 65, 'height': 170, 'gender': 'male'}
2026-01-16 11:03:26 - health_food_system - INFO - main.py:276 - Extracted symptoms: ['tiêu chảy'] from text: 'tiêu chảy'
2026-01-16 11:03:26 - health_food_system - INFO - main.py:324 - Generated 0 recommendations for symptoms: ['tiêu chảy']
2026-01-16 14:24:24 - health_food_system - INFO - logger.py:76 - Logger initialized with level: INFO
2026-01-16 14:24:32 - health_food_system - INFO - main.py:36 - Initializing Health Food Expert System...
2026-01-16 14:24:34 - health_food_system - INFO - main.py:49 - System components initialized successfully
2026-01-16 14:24:35 - health_food_system - INFO - main.py:36 - Initializing Health Food Expert System...
2026-01-16 14:24:37 - health_food_system - INFO - main.py:49 - System components initialized successfully
2026-01-16 15:28:11 - health_food_system - INFO - main.py:245 - Received recommendation request: {'symptoms': 'Buồn nôn, Đau vai, Đau chân, Đau tay, Đau bụng, Tiêu chảy, Chóng mặt, Mất ngủ, mắt mờ', 'age': '20', 'gender': 'male', 'weight': '65', 'height': '175', 'allergies': 'hải sản, mì, rau', 'medications': 'thuốc ho', 'medical_conditions': 'tiểu đường', 'dietary_restrictions': 'ăn chay', 'activity_level': 'sedentary'}
2026-01-16 15:28:11 - health_food_system - INFO - main.py:276 - Extracted symptoms: ['buồn nôn', 'đau bụng', 'tiêu chảy', 'mất ngủ'] from text: 'buồn nôn, đau vai, đau chân, đau tay, đau bụng, tiêu chảy, chóng mặt, mất ngủ, mắt mờ'
2026-01-16 15:28:11 - health_food_system - INFO - main.py:324 - Generated 1 recommendations for symptoms: ['buồn nôn', 'đau bụng', 'tiêu chảy', 'mất ngủ']
2026-01-16 15:29:48 - health_food_system - INFO - logger.py:76 - Logger initialized with level: INFO
2026-01-16 15:29:53 - health_food_system - INFO - main.py:36 - Initializing Health Food Expert System...
2026-01-16 15:29:54 - health_food_system - INFO - main.py:49 - System components initialized successfully
2026-01-16 15:29:54 - health_food_system - INFO - main.py:36 - Initializing Health Food Expert System...
2026-01-16 15:29:55 - health_food_system - INFO - main.py:49 - System components initialized successfully
2026-01-16 15:29:59 - health_food_system - INFO - logger.py:76 - Logger initialized with level: INFO
2026-01-16 15:30:01 - health_food_system - INFO - main.py:36 - Initializing Health Food Expert System...
2026-01-16 15:30:02 - health_food_system - INFO - main.py:49 - System components initialized successfully
2026-01-16 15:30:02 - health_food_system - INFO - main.py:36 - Initializing Health Food Expert System...
2026-01-16 15:30:03 - health_food_system - INFO - main.py:49 - System components initialized successfully
2026-01-16 15:38:05 - health_food_system - INFO - logger.py:76 - Logger initialized with level: INFO
2026-01-16 15:38:09 - health_food_system - INFO - main.py:36 - Initializing Health Food Expert System...
2026-01-16 15:38:12 - health_food_system - INFO - main.py:49 - System components initialized successfully
2026-01-16 15:38:12 - health_food_system - INFO - main.py:36 - Initializing Health Food Expert System...
2026-01-16 15:38:15 - health_food_system - INFO - main.py:49 - System components initialized successfully
2026-01-16 15:38:16 - health_food_system - INFO - logger.py:76 - Logger initialized with level: INFO
2026-01-16 15:38:21 - health_food_system - INFO - main.py:36 - Initializing Health Food Expert System...
2026-01-16 15:38:22 - health_food_system - INFO - main.py:49 - System components initialized successfully
2026-01-16 15:38:22 - health_food_system - INFO - main.py:36 - Initializing Health Food Expert System...
2026-01-16 15:38:23 - health_food_system - INFO - main.py:49 - System components initialized successfully
2026-01-16 15:52:06 - health_food_system - INFO - logger.py:76 - Logger initialized with level: INFO
2026-01-16 15:52:08 - health_food_system - INFO - main.py:36 - Initializing Health Food Expert System...
2026-01-16 15:52:09 - health_food_system - INFO - main.py:49 - System components initialized successfully
2026-01-16 15:53:04 - health_food_system - INFO - logger.py:76 - Logger initialized with level: INFO
2026-01-16 15:53:05 - health_food_system - INFO - main.py:36 - Initializing Health Food Expert System...
2026-01-16 15:53:06 - health_food_system - INFO - main.py:49 - System components initialized successfully
2026-01-16 15:54:00 - health_food_system - INFO - logger.py:76 - Logger initialized with level: INFO
2026-01-16 15:54:02 - health_food_system - INFO - main.py:36 - Initializing Health Food Expert System...
2026-01-16 15:54:03 - health_food_system - INFO - main.py:49 - System components initialized successfully
2026-01-16 15:54:03 - health_food_system - INFO - main.py:36 - Initializing Health Food Expert System...
2026-01-16 15:54:04 - health_food_system - INFO - main.py:49 - System components initialized successfully
2026-01-16 15:54:04 - health_food_system - INFO - logger.py:76 - Logger initialized with level: INFO
2026-01-16 15:54:06 - health_food_system - INFO - main.py:36 - Initializing Health Food Expert System...
2026-01-16 15:54:07 - health_food_system - INFO - main.py:49 - System components initialized successfully
2026-01-16 15:54:07 - health_food_system - INFO - main.py:36 - Initializing Health Food Expert System...
2026-01-16 15:54:08 - health_food_system - INFO - main.py:49 - System components initialized successfully
2026-01-16 15:55:24 - health_food_system - INFO - logger.py:76 - Logger initialized with level: INFO
2026-01-16 15:55:25 - health_food_system - INFO - main.py:36 - Initializing Health Food Expert System...
2026-01-16 15:55:26 - health_food_system - INFO - main.py:49 - System components initialized successfully
2026-01-16 15:55:27 - health_food_system - INFO - main.py:36 - Initializing Health Food Expert System...
2026-01-16 15:55:28 - health_food_system - INFO - main.py:49 - System components initialized successfully
2026-01-16 15:55:28 - health_food_system - INFO - logger.py:76 - Logger initialized with level: INFO
2026-01-16 15:55:30 - health_food_system - INFO - main.py:36 - Initializing Health Food Expert System...
2026-01-16 15:55:31 - health_food_system - INFO - main.py:49 - System components initialized successfully
2026-01-16 15:55:31 - health_food_system - INFO - main.py:36 - Initializing Health Food Expert System...
2026-01-16 15:55:32 - health_food_system - INFO - main.py:49 - System components initialized successfully
2026-01-16 15:58:09 - health_food_system - INFO - logger.py:76 - Logger initialized with level: INFO
2026-01-16 15:58:11 - health_food_system - INFO - main.py:36 - Initializing Health Food Expert System...
2026-01-16 15:58:12 - health_food_system - INFO - main.py:49 - System components initialized successfully
2026-01-16 15:58:12 - health_food_system - INFO - main.py:36 - Initializing Health Food Expert System...
2026-01-16 15:58:13 - health_food_system - INFO - main.py:49 - System components initialized successfully
2026-01-16 15:58:13 - health_food_system - INFO - logger.py:76 - Logger initialized with level: INFO
2026-01-16 15:58:15 - health_food_system - INFO - main.py:36 - Initializing Health Food Expert System...
2026-01-16 15:58:16 - health_food_system - INFO - main.py:49 - System components initialized successfully
2026-01-16 15:58:16 - health_food_system - INFO - main.py:36 - Initializing Health Food Expert System...
2026-01-16 15:58:17 - health_food_system - INFO - main.py:49 - System components initialized successfully
2026-01-16 15:59:49 - health_food_system - INFO - logger.py:76 - Logger initialized with level: INFO
2026-01-16 15:59:50 - health_food_system - INFO - main.py:36 - Initializing Health Food Expert System...
2026-01-16 15:59:52 - health_food_system - INFO - main.py:49 - System components initialized successfully
2026-01-16 15:59:52 - health_food_system - INFO - main.py:36 - Initializing Health Food Expert System...
2026-01-16 15:59:53 - health_food_system - INFO - main.py:49 - System components initialized successfully
2026-01-16 15:59:53 - health_food_system - INFO - logger.py:76 - Logger initialized with level: INFO
2026-01-16 15:59:55 - health_food_system - INFO - main.py:36 - Initializing Health Food Expert System...
2026-01-16 15:59:56 - health_food_system - INFO - main.py:49 - System components initialized successfully
2026-01-16 15:59:56 - health_food_system - INFO - main.py:36 - Initializing Health Food Expert System...
2026-01-16 15:59:57 - health_food_system - INFO - main.py:49 - System components initialized successfully
2026-01-16 16:04:13 - health_food_system - INFO - logger.py:76 - Logger initialized with level: INFO
2026-01-16 16:04:56 - health_food_system - INFO - logger.py:76 - Logger initialized with level: INFO
2026-01-16 16:04:57 - health_food_system - INFO - main.py:36 - Initializing Health Food Expert System...
2026-01-16 16:04:59 - health_food_system - INFO - main.py:49 - System components initialized successfully
2026-01-16 16:04:59 - health_food_system - INFO - main.py:36 - Initializing Health Food Expert System...
2026-01-16 16:05:00 - health_food_system - INFO - main.py:49 - System components initialized successfully
2026-01-16 16:05:00 - health_food_system - INFO - logger.py:76 - Logger initialized with level: INFO
2026-01-16 16:05:02 - health_food_system - INFO - main.py:36 - Initializing Health Food Expert System...
2026-01-16 16:05:03 - health_food_system - INFO - main.py:49 - System components initialized successfully
2026-01-16 16:05:03 - health_food_system - INFO - main.py:36 - Initializing Health Food Expert System...
2026-01-16 16:05:04 - health_food_system - INFO - main.py:49 - System components initialized successfully
2026-01-16 16:06:05 - health_food_system - INFO - logger.py:76 - Logger initialized with level: INFO
2026-01-16 16:06:07 - health_food_system - INFO - main.py:36 - Initializing Health Food Expert System...
2026-01-16 16:06:08 - health_food_system - INFO - main.py:49 - System components initialized successfully
2026-01-16 16:06:08 - health_food_system - INFO - main.py:36 - Initializing Health Food Expert System...
2026-01-16 16:06:09 - health_food_system - INFO - main.py:49 - System components initialized successfully
2026-01-16 16:06:09 - health_food_system - INFO - logger.py:76 - Logger initialized with level: INFO
2026-01-16 16:06:11 - health_food_system - INFO - main.py:36 - Initializing Health Food Expert System...
2026-01-16 16:06:12 - health_food_system - INFO - main.py:49 - System components initialized successfully
2026-01-16 16:06:12 - health_food_system - INFO - main.py:36 - Initializing Health Food Expert System...
2026-01-16 16:06:13 - health_food_system - INFO - main.py:49 - System components initialized successfully
2026-01-16 16:06:41 - health_food_system - INFO - logger.py:76 - Logger initialized with level: INFO
2026-01-16 16:06:44 - health_food_system - INFO - logger.py:76 - Logger initialized with level: INFO
2026-01-16 16:30:49 - health_food_system - INFO - logger.py:76 - Logger initialized with level: INFO
2026-01-16 16:30:51 - health_food_system - INFO - main.py:36 - Initializing Health Food Expert System...
2026-01-16 16:30:52 - health_food_system - INFO - main.py:49 - System components initialized successfully
2026-01-16 16:30:53 - health_food_system - INFO - main.py:36 - Initializing Health Food Expert System...
2026-01-16 16:30:54 - health_food_system - INFO - main.py:49 - System components initialized successfully
2026-01-16 16:30:54 - health_food_system - INFO - logger.py:76 - Logger initialized with level: INFO
2026-01-16 16:30:56 - health_food_system - INFO - main.py:36 - Initializing Health Food Expert System...
2026-01-16 16:30:57 - health_food_system - INFO - main.py:49 - System components initialized successfully
2026-01-16 16:30:57 - health_food_system - INFO - main.py:36 - Initializing Health Food Expert System...
2026-01-16 16:30:58 - health_food_system - INFO - main.py:49 - System components initialized successfully
2026-01-16 16:31:30 - health_food_system - INFO - logger.py:76 - Logger initialized with level: INFO
2026-01-16 16:31:33 - health_food_system - INFO - logger.py:76 - Logger initialized with level: INFO
2026-01-16 16:36:00 - health_food_system - INFO - logger.py:76 - Logger initialized with level: INFO
2026-01-16 16:42:27 - health_food_system - INFO - logger.py:76 - Logger initialized with level: INFO
2026-01-16 16:44:53 - health_food_system - INFO - logger.py:76 - Logger initialized with level: INFO
2026-01-16 16:57:45 - health_food_system - INFO - logger.py:76 - Logger initialized with level: INFO
2026-01-16 16:57:50 - health_food_system - INFO - logger.py:76 - Logger initialized with level: INFO
2026-01-16 16:57:55 - health_food_system - INFO - logger.py:76 - Logger initialized with level: INFO
2026-01-16 16:57:59 - health_food_system - INFO - logger.py:76 - Logger initialized with level: INFO
2026-01-16 16:58:03 - health_food_system - INFO - logger.py:76 - Logger initialized with level: INFO
2026-01-16 16:58:07 - health_food_system - INFO - logger.py:76 - Logger initialized with level: INFO
2026-01-16 16:58:11 - health_food_system - INFO - logger.py:76 - Logger initialized with level: INFO
2026-01-16 16:58:15 - health_food_system - INFO - logger.py:76 - Logger initialized with level: INFO
2026-01-16 16:58:20 - health_food_system - INFO - logger.py:76 - Logger initialized with level: INFO
2026-01-16 16:58:24 - health_food_system - INFO - logger.py:76 - Logger initialized with level: INFO
2026-01-16 16:58:28 - health_food_system - INFO - logger.py:76 - Logger initialized with level: INFO
2026-01-16 16:58:33 - health_food_system - INFO - logger.py:76 - Logger initialized with level: INFO
2026-01-16 16:58:37 - health_food_system - INFO - logger.py:76 - Logger initialized with level: INFO
2026-01-16 16:58:41 - health_food_system - INFO - logger.py:76 - Logger initialized with level: INFO
2026-01-16 16:58:45 - health_food_system - INFO - logger.py:76 - Logger initialized with level: INFO
2026-01-16 16:58:49 - health_food_system - INFO - logger.py:76 - Logger initialized with level: INFO
2026-01-16 16:58:54 - health_food_system - INFO - logger.py:76 - Logger initialized with level: INFO
2026-01-16 16:58:59 - health_food_system - INFO - logger.py:76 - Logger initialized with level: INFO
2026-01-16 16:59:04 - health_food_system - INFO - logger.py:76 - Logger initialized with level: INFO
2026-01-16 16:59:10 - health_food_system - INFO - logger.py:76 - Logger initialized with level: INFO
2026-01-16 16:59:15 - health_food_system - INFO - logger.py:76 - Logger initialized with level: INFO
2026-01-16 16:59:21 - health_food_system - INFO - logger.py:76 - Logger initialized with level: INFO
2026-01-16 16:59:25 - health_food_system - INFO - logger.py:76 - Logger initialized with level: INFO
2026-01-16 16:59:30 - health_food_system - INFO - logger.py:76 - Logger initialized with level: INFO
2026-01-16 16:59:35 - health_food_system - INFO - logger.py:76 - Logger initialized with level: INFO
2026-01-16 16:59:39 - health_food_system - INFO - logger.py:76 - Logger initialized with level: INFO
2026-01-16 16:59:44 - health_food_system - INFO - logger.py:76 - Logger initialized with level: INFO
2026-01-16 16:59:48 - health_food_system - INFO - logger.py:76 - Logger initialized with level: INFO
2026-01-16 16:59:53 - health_food_system - INFO - logger.py:76 - Logger initialized with level: INFO
2026-01-16 16:59:58 - health_food_system - INFO - logger.py:76 - Logger initialized with level: INFO
2026-01-16 17:00:02 - health_food_system - INFO - logger.py:76 - Logger initialized with level: INFO
2026-01-16 17:00:06 - health_food_system - INFO - logger.py:76 - Logger initialized with level: INFO
2026-01-16 17:00:10 - health_food_system - INFO - logger.py:76 - Logger initialized with level: INFO
2026-01-16 17:00:14 - health_food_system - INFO - logger.py:76 - Logger initialized with level: INFO
2026-01-16 17:00:19 - health_food_system - INFO - logger.py:76 - Logger initialized with level: INFO
2026-01-16 17:00:24 - health_food_system - INFO - logger.py:76 - Logger initialized with level: INFO
2026-01-16 17:00:28 - health_food_system - INFO - logger.py:76 - Logger initialized with level: INFO
2026-01-16 17:00:32 - health_food_system - INFO - logger.py:76 - Logger initialized with level: INFO
2026-01-16 17:00:54 - health_food_system - INFO - logger.py:76 - Logger initialized with level: INFO
2026-01-16 17:00:59 - health_food_system - INFO - logger.py:76 - Logger initialized with level: INFO
2026-01-16 17:01:04 - health_food_system - INFO - logger.py:76 - Logger initialized with level: INFO
2026-01-16 17:01:08 - health_food_system - INFO - logger.py:76 - Logger initialized with level: INFO
2026-01-16 17:01:12 - health_food_system - INFO - logger.py:76 - Logger initialized with level: INFO
2026-01-16 17:01:47 - health_food_system - INFO - logger.py:76 - Logger initialized with level: INFO
2026-01-16 17:01:51 - health_food_system - INFO - logger.py:76 - Logger initialized with level: INFO
2026-01-16 17:01:56 - health_food_system - INFO - logger.py:76 - Logger initialized with level: INFO
2026-01-16 17:02:00 - health_food_system - INFO - logger.py:76 - Logger initialized with level: INFO
2026-01-16 17:02:04 - health_food_system - INFO - logger.py:76 - Logger initialized with level: INFO
2026-01-16 17:02:09 - health_food_system - INFO - logger.py:76 - Logger initialized with level: INFO
2026-01-16 17:02:13 - health_food_system - INFO - logger.py:76 - Logger initialized with level: INFO
2026-01-16 17:44:43 - health_food_system - INFO - logger.py:76 - Logger initialized with level: INFO
2026-01-16 17:44:59 - health_food_system - INFO - logger.py:76 - Logger initialized with level: INFO
2026-01-16 18:55:26 - health_food_system - INFO - logger.py:76 - Logger initialized with level: INFO
2026-01-16 18:55:41 - health_food_system - INFO - logger.py:76 - Logger initialized with level: INFO
2026-01-16 18:57:56 - health_food_system - INFO - logger.py:76 - Logger initialized with level: INFO
2026-01-16 19:00:16 - health_food_system - INFO - logger.py:76 - Logger initialized with level: INFO
2026-01-16 19:01:24 - health_food_system - INFO - logger.py:76 - Logger initialized with level: INFO
2026-01-16 19:01:27 - health_food_system - INFO - main.py:36 - Initializing Health Food Expert System...
2026-01-16 19:01:29 - health_food_system - INFO - main.py:49 - System components initialized successfully
2026-01-16 19:01:29 - health_food_system - INFO - main.py:36 - Initializing Health Food Expert System...
2026-01-16 19:01:31 - health_food_system - INFO - main.py:49 - System components initialized successfully
2026-01-16 19:01:32 - health_food_system - INFO - logger.py:76 - Logger initialized with level: INFO
2026-01-16 19:01:35 - health_food_system - INFO - main.py:36 - Initializing Health Food Expert System...
2026-01-16 19:01:37 - health_food_system - INFO - main.py:49 - System components initialized successfully
2026-01-16 19:01:37 - health_food_system - INFO - main.py:36 - Initializing Health Food Expert System...
2026-01-16 19:01:40 - health_food_system - INFO - main.py:49 - System components initialized successfully
2026-01-16 19:02:13 - health_food_system - INFO - logger.py:76 - Logger initialized with level: INFO
2026-01-16 19:02:17 - health_food_system - INFO - main.py:36 - Initializing Health Food Expert System...
2026-01-16 19:02:20 - health_food_system - INFO - main.py:49 - System components initialized successfully
2026-01-16 19:02:20 - health_food_system - INFO - main.py:36 - Initializing Health Food Expert System...
2026-01-16 19:02:23 - health_food_system - INFO - main.py:49 - System components initialized successfully
2026-01-16 19:02:24 - health_food_system - INFO - logger.py:76 - Logger initialized with level: INFO
2026-01-16 19:02:27 - health_food_system - INFO - main.py:36 - Initializing Health Food Expert System...
2026-01-16 19:02:30 - health_food_system - INFO - main.py:49 - System components initialized successfully
2026-01-16 19:02:30 - health_food_system - INFO - main.py:36 - Initializing Health Food Expert System...
2026-01-16 19:02:33 - health_food_system - INFO - main.py:49 - System components initialized successfully
2026-01-16 19:03:53 - health_food_system - INFO - logger.py:76 - Logger initialized with level: INFO
2026-01-16 19:21:47 - health_food_system - INFO - logger.py:76 - Logger initialized with level: INFO
2026-01-16 19:42:38 - health_food_system - INFO - logger.py:76 - Logger initialized with level: INFO
2026-01-16 19:42:42 - health_food_system - INFO - main.py:36 - Initializing Health Food Expert System...
2026-01-16 19:42:44 - health_food_system - INFO - main.py:49 - System components initialized successfully
2026-01-16 19:42:44 - health_food_system - INFO - main.py:36 - Initializing Health Food Expert System...
2026-01-16 19:42:46 - health_food_system - INFO - main.py:49 - System components initialized successfully
2026-01-16 19:42:46 - health_food_system - INFO - logger.py:76 - Logger initialized with level: INFO
2026-01-16 19:42:50 - health_food_system - INFO - main.py:36 - Initializing Health Food Expert System...
2026-01-16 19:42:52 - health_food_system - INFO - main.py:49 - System components initialized successfully
2026-01-16 19:42:52 - health_food_system - INFO - main.py:36 - Initializing Health Food Expert System...
2026-01-16 19:42:54 - health_food_system - INFO - main.py:49 - System components initialized successfully
2026-01-16 19:54:33 - health_food_system - INFO - logger.py:76 - Logger initialized with level: INFO
2026-01-16 19:54:36 - health_food_system - INFO - main.py:36 - Initializing Health Food Expert System...
2026-01-16 19:54:38 - health_food_system - INFO - main.py:49 - System components initialized successfully
2026-01-16 19:54:38 - health_food_system - INFO - main.py:36 - Initializing Health Food Expert System...
2026-01-16 19:54:40 - health_food_system - INFO - main.py:49 - System components initialized successfully
2026-01-16 19:54:41 - health_food_system - INFO - logger.py:76 - Logger initialized with level: INFO
2026-01-16 19:54:44 - health_food_system - INFO - main.py:36 - Initializing Health Food Expert System...
2026-01-16 19:54:46 - health_food_system - INFO - main.py:49 - System components initialized successfully
2026-01-16 19:54:46 - health_food_system - INFO - main.py:36 - Initializing Health Food Expert System...
2026-01-16 19:54:49 - health_food_system - INFO - main.py:49 - System components initialized successfully
2026-01-16 19:55:31 - health_food_system - INFO - logger.py:76 - Logger initialized with level: INFO
2026-01-16 19:55:34 - health_food_system - INFO - main.py:36 - Initializing Health Food Expert System...
2026-01-16 19:55:37 - health_food_system - INFO - main.py:49 - System components initialized successfully
2026-01-16 19:55:37 - health_food_system - INFO - main.py:36 - Initializing Health Food Expert System...
2026-01-16 19:55:39 - health_food_system - INFO - main.py:49 - System components initialized successfully
2026-01-16 19:55:46 - health_food_system - INFO - logger.py:76 - Logger initialized with level: INFO
2026-01-16 19:55:50 - health_food_system - INFO - main.py:36 - Initializing Health Food Expert System...
2026-01-16 19:55:52 - health_food_system - INFO - main.py:49 - System components initialized successfully
2026-01-16 19:55:52 - health_food_system - INFO - main.py:36 - Initializing Health Food Expert System...
2026-01-16 19:55:54 - health_food_system - INFO - main.py:49 - System components initialized successfully
2026-01-16 20:01:07 - health_food_system - INFO - logger.py:76 - Logger initialized with level: INFO
2026-01-16 20:01:11 - health_food_system - INFO - main.py:36 - Initializing Health Food Expert System...
2026-01-16 20:01:13 - health_food_system - INFO - main.py:49 - System components initialized successfully
2026-01-16 20:01:13 - health_food_system - INFO - main.py:36 - Initializing Health Food Expert System...
2026-01-16 20:01:15 - health_food_system - INFO - main.py:49 - System components initialized successfully
2026-01-16 20:01:15 - health_food_system - INFO - logger.py:76 - Logger initialized with level: INFO
2026-01-16 20:01:19 - health_food_system - INFO - main.py:36 - Initializing Health Food Expert System...
2026-01-16 20:01:21 - health_food_system - INFO - main.py:49 - System components initialized successfully
2026-01-16 20:01:21 - health_food_system - INFO - main.py:36 - Initializing Health Food Expert System...
2026-01-16 20:01:23 - health_food_system - INFO - main.py:49 - System components initialized successfully
2026-01-16 20:16:46 - health_food_system - INFO - logger.py:76 - Logger initialized with level: INFO
2026-01-16 20:18:07 - health_food_system - INFO - logger.py:76 - Logger initialized with level: INFO
2026-01-16 20:18:10 - health_food_system - INFO - main.py:36 - Initializing Health Food Expert System...
2026-01-16 20:18:13 - health_food_system - INFO - main.py:49 - System components initialized successfully
2026-01-16 20:18:13 - health_food_system - INFO - main.py:36 - Initializing Health Food Expert System...
2026-01-16 20:18:15 - health_food_system - INFO - main.py:49 - System components initialized successfully
2026-01-16 20:18:15 - health_food_system - INFO - logger.py:76 - Logger initialized with level: INFO
2026-01-16 20:18:18 - health_food_system - INFO - main.py:36 - Initializing Health Food Expert System...
2026-01-16 20:18:20 - health_food_system - INFO - main.py:49 - System components initialized successfully
2026-01-16 20:18:21 - health_food_system - INFO - main.py:36 - Initializing Health Food Expert System...
2026-01-16 20:18:23 - health_food_system - INFO - main.py:49 - System components initialized successfully
2026-01-16 20:20:09 - health_food_system - INFO - logger.py:76 - Logger initialized with level: INFO
2026-01-16 20:21:12 - health_food_system - INFO - logger.py:76 - Logger initialized with level: INFO
2026-01-16 20:21:15 - health_food_system - INFO - main.py:36 - Initializing Health Food Expert System...
2026-01-16 20:21:17 - health_food_system - INFO - main.py:49 - System components initialized successfully
2026-01-16 20:21:20 - health_food_system - INFO - logger.py:76 - Logger initialized with level: INFO
2026-01-16 20:21:23 - health_food_system - INFO - main.py:36 - Initializing Health Food Expert System...
2026-01-16 20:21:25 - health_food_system - INFO - main.py:49 - System components initialized successfully
2026-01-16 20:22:07 - health_food_system - INFO - logger.py:76 - Logger initialized with level: INFO
2026-01-16 20:24:28 - health_food_system - INFO - logger.py:76 - Logger initialized with level: INFO
2026-01-16 20:26:22 - health_food_system - INFO - logger.py:76 - Logger initialized with level: INFO
2026-01-16 20:31:08 - health_food_system - INFO - logger.py:76 - Logger initialized with level: INFO
2026-01-16 20:35:17 - health_food_system - INFO - logger.py:76 - Logger initialized with level: INFO
2026-01-16 20:48:29 - health_food_system - INFO - logger.py:76 - Logger initialized with level: INFO
2026-01-16 20:48:33 - health_food_system - INFO - main.py:36 - Initializing Health Food Expert System...
2026-01-16 20:48:35 - health_food_system - INFO - main.py:49 - System components initialized successfully
2026-01-16 20:48:38 - health_food_system - INFO - logger.py:76 - Logger initialized with level: INFO
2026-01-16 20:48:42 - health_food_system - INFO - main.py:36 - Initializing Health Food Expert System...
2026-01-16 20:48:44 - health_food_system - INFO - main.py:49 - System components initialized successfully
2026-01-16 20:52:29 - health_food_system - INFO - logger.py:76 - Logger initialized with level: INFO
2026-01-16 20:52:36 - health_food_system - INFO - main.py:36 - Initializing Health Food Expert System...
2026-01-16 20:52:40 - health_food_system - INFO - main.py:49 - System components initialized successfully
2026-01-16 20:54:46 - health_food_system - INFO - logger.py:76 - Logger initialized with level: INFO
2026-01-16 20:54:50 - health_food_system - INFO - main.py:36 - Initializing Health Food Expert System...
2026-01-16 20:54:52 - health_food_system - INFO - main.py:49 - System components initialized successfully
2026-01-16 20:55:07 - health_food_system - INFO - logger.py:76 - Logger initialized with level: INFO
2026-01-16 20:55:11 - health_food_system - INFO - main.py:36 - Initializing Health Food Expert System...
2026-01-16 20:55:13 - health_food_system - INFO - main.py:49 - System components initialized successfully
2026-01-16 20:55:36 - health_food_system - INFO - logger.py:76 - Logger initialized with level: INFO
2026-01-16 20:55:39 - health_food_system - INFO - main.py:36 - Initializing Health Food Expert System...
2026-01-16 20:55:42 - health_food_system - INFO - main.py:49 - System components initialized successfully
2026-01-16 20:55:49 - health_food_system - INFO - logger.py:76 - Logger initialized with level: INFO
2026-01-16 20:55:53 - health_food_system - INFO - main.py:36 - Initializing Health Food Expert System...
2026-01-16 20:55:55 - health_food_system - INFO - main.py:49 - System components initialized successfully
2026-01-16 20:55:57 - health_food_system - INFO - logger.py:76 - Logger initialized with level: INFO
2026-01-16 21:10:47 - health_food_system - INFO - logger.py:76 - Logger initialized with level: INFO
2026-01-16 21:10:50 - health_food_system - INFO - main.py:36 - Initializing Health Food Expert System...
2026-01-16 21:10:53 - health_food_system - INFO - main.py:49 - System components initialized successfully
2026-01-16 21:11:40 - health_food_system - INFO - logger.py:76 - Logger initialized with level: INFO
2026-01-16 21:11:42 - health_food_system - INFO - main.py:36 - Initializing Health Food Expert System...
2026-01-16 21:11:44 - health_food_system - INFO - main.py:49 - System components initialized successfully
2026-01-16 21:11:45 - health_food_system - ERROR - main.py:359 - Fatal error: View function mapping is overwriting an existing endpoint function: get_recommendation_history
2026-01-16 21:13:49 - health_food_system - INFO - logger.py:76 - Logger initialized with level: INFO
2026-01-16 21:18:21 - health_food_system - INFO - logger.py:76 - Logger initialized with level: INFO
2026-01-16 21:19:45 - health_food_system - INFO - logger.py:76 - Logger initialized with level: INFO
2026-01-16 21:23:30 - health_food_system - INFO - logger.py:76 - Logger initialized with level: INFO
2026-01-16 21:24:55 - health_food_system - INFO - logger.py:76 - Logger initialized with level: INFO
2026-01-16 21:25:12 - health_food_system - INFO - logger.py:76 - Logger initialized with level: INFO
2026-01-16 21:44:36 - health_food_system - INFO - logger.py:76 - Logger initialized with level: INFO
2026-01-16 21:47:32 - health_food_system - INFO - logger.py:76 - Logger initialized with level: INFO
2026-01-16 21:49:10 - health_food_system - INFO - logger.py:76 - Logger initialized with level: INFO
2026-01-16 21:59:54 - health_food_system - INFO - logger.py:76 - Logger initialized with level: INFO
2026-01-16 22:00:59 - health_food_system - INFO - logger.py:76 - Logger initialized with level: INFO
2026-01-16 22:09:19 - health_food_system - INFO - logger.py:76 - Logger initialized with level: INFO
2026-01-16 22:09:21 - health_food_system - INFO - main.py:36 - Initializing Health Food Expert System...
2026-01-16 22:09:22 - health_food_system - INFO - main.py:49 - System components initialized successfully
2026-01-16 22:09:23 - health_food_system - INFO - logger.py:76 - Logger initialized with level: INFO
2026-01-16 22:09:25 - health_food_system - INFO - main.py:36 - Initializing Health Food Expert System...
2026-01-16 22:09:26 - health_food_system - INFO - main.py:49 - System components initialized successfully
2026-01-16 22:20:49 - health_food_system - INFO - logger.py:76 - Logger initialized with level: INFO
2026-01-16 22:35:48 - health_food_system - INFO - logger.py:76 - Logger initialized with level: INFO
2026-01-16 22:44:05 - health_food_system - INFO - logger.py:76 - Logger initialized with level: INFO
2026-01-16 23:14:23 - health_food_system - INFO - logger.py:76 - Logger initialized with level: INFO
2026-01-16 23:14:34 - health_food_system - INFO - logger.py:76 - Logger initialized with level: INFO
2026-01-16 23:44:00 - health_food_system - INFO - logger.py:76 - Logger initialized with level: INFO
2026-01-17 00:03:32 - health_food_system - INFO - logger.py:76 - Logger initialized with level: INFO
2026-01-17 00:25:52 - health_food_system - INFO - logger.py:76 - Logger initialized with level: INFO
2026-01-17 00:36:41 - health_food_system - INFO - logger.py:76 - Logger initialized with level: INFO
2026-01-17 00:46:20 - health_food_system - INFO - logger.py:76 - Logger initialized with level: INFO
2026-01-17 00:49:06 - health_food_system - INFO - logger.py:76 - Logger initialized with level: INFO
2026-01-17 01:05:02 - health_food_system - INFO - logger.py:76 - Logger initialized with level: INFO
2026-01-17 01:06:09 - health_food_system - INFO - logger.py:76 - Logger initialized with level: INFO
2026-01-17 01:08:29 - health_food_system - INFO - logger.py:76 - Logger initialized with level: INFO
2026-01-17 01:17:44 - health_food_system - INFO - logger.py:76 - Logger initialized with level: INFO
2026-01-17 01:21:42 - health_food_system - INFO - logger.py:76 - Logger initialized with level: INFO
2026-01-17 01:23:59 - health_food_system - INFO - logger.py:76 - Logger initialized with level: INFO
2026-01-17 01:37:05 - health_food_system - INFO - logger.py:76 - Logger initialized with level: INFO
2026-01-17 01:40:25 - health_food_system - INFO - logger.py:76 - Logger initialized with level: INFO
2026-01-17 01:45:14 - health_food_system - INFO - logger.py:76 - Logger initialized with level: INFO
2026-01-17 01:49:29 - health_food_system - INFO - logger.py:76 - Logger initialized with level: INFO
2026-01-17 01:50:57 - health_food_system - INFO - logger.py:76 - Logger initialized with level: INFO
2026-01-17 02:01:44 - health_food_system - INFO - logger.py:76 - Logger initialized with level: INFO
2026-01-17 02:01:45 - health_food_system - INFO - main.py:36 - Initializing Health Food Expert System...
2026-01-17 02:01:47 - health_food_system - INFO - main.py:49 - System components initialized successfully
2026-01-17 02:01:48 - health_food_system - INFO - logger.py:76 - Logger initialized with level: INFO
2026-01-17 02:01:49 - health_food_system - INFO - main.py:36 - Initializing Health Food Expert System...
2026-01-17 02:01:50 - health_food_system - INFO - main.py:49 - System components initialized successfully
2026-01-17 09:24:53 - health_food_system - INFO - logger.py:76 - Logger initialized with level: INFO
2026-01-17 09:24:59 - health_food_system - INFO - main.py:36 - Initializing Health Food Expert System...
2026-01-17 09:25:00 - health_food_system - INFO - main.py:49 - System components initialized successfully
2026-01-17 09:25:03 - health_food_system - INFO - logger.py:76 - Logger initialized with level: INFO
2026-01-17 09:25:04 - health_food_system - INFO - main.py:36 - Initializing Health Food Expert System...
2026-01-17 09:25:05 - health_food_system - INFO - main.py:49 - System components initialized successfully
2026-01-17 10:07:24 - health_food_system - INFO - logger.py:76 - Logger initialized with level: INFO
2026-01-17 10:07:25 - health_food_system - INFO - main.py:36 - Initializing Health Food Expert System...
2026-01-17 10:07:27 - health_food_system - INFO - main.py:49 - System components initialized successfully
2026-01-17 10:07:28 - health_food_system - INFO - logger.py:76 - Logger initialized with level: INFO
2026-01-17 10:07:29 - health_food_system - INFO - main.py:36 - Initializing Health Food Expert System...
2026-01-17 10:07:30 - health_food_system - INFO - main.py:49 - System components initialized successfully
2026-01-17 10:42:44 - health_food_system - INFO - logger.py:76 - Logger initialized with level: INFO
2026-01-17 10:42:45 - health_food_system - INFO - main.py:36 - Initializing Health Food Expert System...
2026-01-17 10:42:46 - health_food_system - INFO - main.py:49 - System components initialized successfully
2026-01-17 10:42:48 - health_food_system - INFO - logger.py:76 - Logger initialized with level: INFO
2026-01-17 10:42:49 - health_food_system - INFO - main.py:36 - Initializing Health Food Expert System...
2026-01-17 10:42:50 - health_food_system - INFO - main.py:49 - System components initialized successfully
2026-01-17 10:51:51 - health_food_system - INFO - logger.py:76 - Logger initialized with level: INFO
2026-01-17 10:51:52 - health_food_system - INFO - main.py:36 - Initializing Health Food Expert System...
2026-01-17 10:51:54 - health_food_system - INFO - main.py:49 - System components initialized successfully
2026-01-17 10:51:55 - health_food_system - INFO - logger.py:76 - Logger initialized with level: INFO
2026-01-17 10:51:56 - health_food_system - INFO - main.py:36 - Initializing Health Food Expert System...
2026-01-17 10:51:58 - health_food_system - INFO - main.py:49 - System components initialized successfully
2026-01-17 11:00:52 - health_food_system - INFO - logger.py:76 - Logger initialized with level: INFO
2026-01-17 11:00:53 - health_food_system - INFO - main.py:36 - Initializing Health Food Expert System...
2026-01-17 11:00:54 - health_food_system - INFO - main.py:49 - System components initialized successfully
2026-01-17 11:00:56 - health_food_system - INFO - logger.py:76 - Logger initialized with level: INFO
2026-01-17 11:00:57 - health_food_system - INFO - main.py:36 - Initializing Health Food Expert System...
2026-01-17 11:00:58 - health_food_system - INFO - main.py:49 - System components initialized successfully
2026-01-17 11:20:11 - health_food_system - INFO - logger.py:76 - Logger initialized with level: INFO
2026-01-17 11:20:12 - health_food_system - INFO - main.py:36 - Initializing Health Food Expert System...
2026-01-17 11:20:14 - health_food_system - INFO - main.py:49 - System components initialized successfully
2026-01-17 11:20:20 - health_food_system - INFO - logger.py:76 - Logger initialized with level: INFO
2026-01-17 11:20:22 - health_food_system - INFO - main.py:36 - Initializing Health Food Expert System...
2026-01-17 11:20:23 - health_food_system - INFO - main.py:49 - System components initialized successfully
2026-01-17 11:31:05 - health_food_system - INFO - logger.py:76 - Logger initialized with level: INFO
2026-01-17 11:31:07 - health_food_system - INFO - main.py:36 - Initializing Health Food Expert System...
2026-01-17 11:31:08 - health_food_system - INFO - main.py:49 - System components initialized successfully
2026-01-17 11:35:08 - health_food_system - INFO - logger.py:76 - Logger initialized with level: INFO
2026-01-17 11:35:09 - health_food_system - INFO - main.py:36 - Initializing Health Food Expert System...
2026-01-17 11:35:10 - health_food_system - INFO - main.py:49 - System components initialized successfully
2026-01-17 11:35:23 - health_food_system - INFO - logger.py:76 - Logger initialized with level: INFO
2026-01-17 11:35:24 - health_food_system - INFO - main.py:36 - Initializing Health Food Expert System...
2026-01-17 11:35:25 - health_food_system - INFO - main.py:49 - System components initialized successfully
2026-01-17 11:35:53 - health_food_system - INFO - logger.py:76 - Logger initialized with level: INFO
2026-01-17 11:35:54 - health_food_system - INFO - main.py:36 - Initializing Health Food Expert System...
2026-01-17 11:35:55 - health_food_system - INFO - main.py:49 - System components initialized successfully
2026-01-17 11:36:03 - health_food_system - INFO - logger.py:76 - Logger initialized with level: INFO
2026-01-17 11:36:04 - health_food_system - INFO - main.py:36 - Initializing Health Food Expert System...
2026-01-17 11:36:06 - health_food_system - INFO - main.py:49 - System components initialized successfully
2026-01-17 11:36:10 - health_food_system - INFO - logger.py:76 - Logger initialized with level: INFO
2026-01-17 11:36:11 - health_food_system - INFO - main.py:36 - Initializing Health Food Expert System...
2026-01-17 11:36:13 - health_food_system - INFO - main.py:49 - System components initialized successfully
2026-01-17 11:40:26 - health_food_system - INFO - logger.py:76 - Logger initialized with level: INFO
2026-01-17 11:40:28 - health_food_system - INFO - main.py:36 - Initializing Health Food Expert System...
2026-01-17 11:40:29 - health_food_system - INFO - main.py:49 - System components initialized successfully
2026-01-17 11:46:29 - health_food_system - INFO - logger.py:76 - Logger initialized with level: INFO
2026-01-17 11:46:30 - health_food_system - INFO - main.py:36 - Initializing Health Food Expert System...
2026-01-17 11:46:31 - health_food_system - INFO - main.py:49 - System components initialized successfully
2026-01-17 11:46:33 - health_food_system - INFO - logger.py:76 - Logger initialized with level: INFO
2026-01-17 11:46:34 - health_food_system - INFO - main.py:36 - Initializing Health Food Expert System...
2026-01-17 11:46:35 - health_food_system - INFO - main.py:49 - System components initialized successfully
2026-01-17 11:53:39 - health_food_system - INFO - logger.py:76 - Logger initialized with level: INFO
2026-01-17 11:53:41 - health_food_system - INFO - main.py:36 - Initializing Health Food Expert System...
2026-01-17 11:53:43 - health_food_system - INFO - main.py:49 - System components initialized successfully
2026-01-17 11:53:45 - health_food_system - INFO - logger.py:76 - Logger initialized with level: INFO
2026-01-17 11:53:46 - health_food_system - INFO - main.py:36 - Initializing Health Food Expert System...
2026-01-17 11:53:47 - health_food_system - INFO - main.py:49 - System components initialized successfully
2026-01-17 12:06:05 - health_food_system - INFO - logger.py:76 - Logger initialized with level: INFO
2026-01-17 12:06:11 - health_food_system - INFO - main.py:36 - Initializing Health Food Expert System...
2026-01-17 12:06:12 - health_food_system - INFO - main.py:49 - System components initialized successfully
2026-01-17 12:06:14 - health_food_system - INFO - logger.py:76 - Logger initialized with level: INFO
2026-01-17 12:06:15 - health_food_system - INFO - main.py:36 - Initializing Health Food Expert System...
2026-01-17 12:06:16 - health_food_system - INFO - main.py:49 - System components initialized successfully
2026-01-17 12:42:02 - health_food_system - INFO - logger.py:76 - Logger initialized with level: INFO
2026-01-17 12:42:03 - health_food_system - INFO - main.py:36 - Initializing Health Food Expert System...
2026-01-17 12:42:04 - health_food_system - INFO - main.py:49 - System components initialized successfully
2026-01-17 12:42:06 - health_food_system - INFO - logger.py:76 - Logger initialized with level: INFO
2026-01-17 12:42:07 - health_food_system - INFO - main.py:36 - Initializing Health Food Expert System...
2026-01-17 12:42:08 - health_food_system - INFO - main.py:49 - System components initialized successfully
2026-01-17 13:26:42 - health_food_system - INFO - logger.py:76 - Logger initialized with level: INFO
2026-01-17 13:26:44 - health_food_system - INFO - main.py:36 - Initializing Health Food Expert System...
2026-01-17 13:26:46 - health_food_system - INFO - main.py:49 - System components initialized successfully
2026-01-17 13:26:47 - health_food_system - INFO - logger.py:76 - Logger initialized with level: INFO
2026-01-17 13:26:49 - health_food_system - INFO - main.py:36 - Initializing Health Food Expert System...
2026-01-17 13:26:50 - health_food_system - INFO - main.py:49 - System components initialized successfully
2026-01-17 14:05:53 - health_food_system - INFO - logger.py:76 - Logger initialized with level: INFO
2026-01-17 14:08:53 - health_food_system - INFO - logger.py:76 - Logger initialized with level: INFO
2026-01-17 14:08:54 - health_food_system - INFO - main.py:36 - Initializing Health Food Expert System...
2026-01-17 14:08:55 - health_food_system - INFO - main.py:49 - System components initialized successfully
2026-01-17 14:08:57 - health_food_system - INFO - logger.py:76 - Logger initialized with level: INFO
2026-01-17 14:08:58 - health_food_system - INFO - main.py:36 - Initializing Health Food Expert System...
2026-01-17 14:08:59 - health_food_system - INFO - main.py:49 - System components initialized successfully
2026-01-17 14:10:38 - health_food_system - INFO - logger.py:76 - Logger initialized with level: INFO
2026-01-17 14:10:39 - health_food_system - INFO - main.py:36 - Initializing Health Food Expert System...
2026-01-17 14:10:40 - health_food_system - INFO - main.py:49 - System components initialized successfully
2026-01-17 14:10:41 - health_food_system - INFO - logger.py:76 - Logger initialized with level: INFO
2026-01-17 14:10:42 - health_food_system - INFO - main.py:36 - Initializing Health Food Expert System...
2026-01-17 14:10:43 - health_food_system - INFO - main.py:49 - System components initialized successfully
2026-01-17 14:21:33 - health_food_system - INFO - logger.py:76 - Logger initialized with level: INFO
2026-01-17 14:21:34 - health_food_system - INFO - main.py:36 - Initializing Health Food Expert System...
2026-01-17 14:21:35 - health_food_system - INFO - main.py:49 - System components initialized successfully
2026-01-17 14:21:36 - health_food_system - INFO - logger.py:76 - Logger initialized with level: INFO
2026-01-17 14:21:37 - health_food_system - INFO - main.py:36 - Initializing Health Food Expert System...
2026-01-17 14:21:39 - health_food_system - INFO - main.py:49 - System components initialized successfully
2026-01-17 16:23:47 - health_food_system - INFO - logger.py:76 - Logger initialized with level: INFO
2026-01-17 16:23:48 - health_food_system - INFO - main.py:36 - Initializing Health Food Expert System...
2026-01-17 16:23:50 - health_food_system - INFO - main.py:49 - System components initialized successfully
2026-01-17 16:23:53 - health_food_system - INFO - logger.py:76 - Logger initialized with level: INFO
2026-01-17 16:23:54 - health_food_system - INFO - main.py:36 - Initializing Health Food Expert System...
2026-01-17 16:23:55 - health_food_system - INFO - main.py:49 - System components initialized successfully
2026-01-17 16:29:56 - health_food_system - INFO - logger.py:76 - Logger initialized with level: INFO
2026-01-17 16:29:57 - health_food_system - INFO - main.py:36 - Initializing Health Food Expert System...
2026-01-17 16:29:58 - health_food_system - INFO - main.py:49 - System components initialized successfully
2026-01-17 16:30:00 - health_food_system - INFO - logger.py:76 - Logger initialized with level: INFO
2026-01-17 16:30:01 - health_food_system - INFO - main.py:36 - Initializing Health Food Expert System...
2026-01-17 16:30:02 - health_food_system - INFO - main.py:49 - System components initialized successfully
2026-01-17 16:56:13 - health_food_system - INFO - logger.py:76 - Logger initialized with level: INFO
2026-01-17 16:56:14 - health_food_system - INFO - main.py:36 - Initializing Health Food Expert System...
2026-01-17 16:56:15 - health_food_system - INFO - main.py:49 - System components initialized successfully
2026-01-17 16:56:16 - health_food_system - INFO - logger.py:76 - Logger initialized with level: INFO
2026-01-17 16:56:18 - health_food_system - INFO - main.py:36 - Initializing Health Food Expert System...
2026-01-17 16:56:19 - health_food_system - INFO - main.py:49 - System components initialized successfully
2026-01-17 17:21:26 - health_food_system - INFO - logger.py:76 - Logger initialized with level: INFO
2026-01-17 17:21:27 - health_food_system - INFO - main.py:36 - Initializing Health Food Expert System...
2026-01-17 17:21:28 - health_food_system - INFO - main.py:49 - System components initialized successfully
2026-01-17 17:21:30 - health_food_system - INFO - logger.py:76 - Logger initialized with level: INFO
2026-01-17 17:21:31 - health_food_system - INFO - main.py:36 - Initializing Health Food Expert System...
2026-01-17 17:21:32 - health_food_system - INFO - main.py:49 - System components initialized successfully
2026-01-17 17:30:29 - health_food_system - INFO - logger.py:76 - Logger initialized with level: INFO
2026-01-17 17:30:30 - health_food_system - INFO - main.py:36 - Initializing Health Food Expert System...
2026-01-17 17:30:31 - health_food_system - INFO - main.py:49 - System components initialized successfully
2026-01-17 17:30:33 - health_food_system - INFO - logger.py:76 - Logger initialized with level: INFO
2026-01-17 17:30:34 - health_food_system - INFO - main.py:36 - Initializing Health Food Expert System...
2026-01-17 17:30:36 - health_food_system - INFO - main.py:49 - System components initialized successfully
2026-01-17 19:12:28 - health_food_system - INFO - logger.py:76 - Logger initialized with level: INFO
2026-01-17 19:12:31 - health_food_system - INFO - main.py:36 - Initializing Health Food Expert System...
2026-01-17 19:12:34 - health_food_system - INFO - main.py:49 - System components initialized successfully
2026-01-17 19:12:38 - health_food_system - INFO - logger.py:76 - Logger initialized with level: INFO
2026-01-17 19:12:40 - health_food_system - INFO - main.py:36 - Initializing Health Food Expert System...
2026-01-17 19:12:43 - health_food_system - INFO - main.py:49 - System components initialized successfully
2026-01-17 19:27:44 - health_food_system - INFO - logger.py:76 - Logger initialized with level: INFO
2026-01-17 19:27:47 - health_food_system - INFO - main.py:36 - Initializing Health Food Expert System...
2026-01-17 19:27:48 - health_food_system - INFO - main.py:49 - System components initialized successfully
2026-01-17 19:27:51 - health_food_system - INFO - logger.py:76 - Logger initialized with level: INFO
2026-01-17 19:27:53 - health_food_system - INFO - main.py:36 - Initializing Health Food Expert System...
2026-01-17 19:27:55 - health_food_system - INFO - main.py:49 - System components initialized successfully
2026-01-17 19:37:47 - health_food_system - INFO - logger.py:76 - Logger initialized with level: INFO
2026-01-17 19:37:49 - health_food_system - INFO - main.py:36 - Initializing Health Food Expert System...
2026-01-17 19:37:51 - health_food_system - INFO - main.py:49 - System components initialized successfully
2026-01-17 19:37:54 - health_food_system - INFO - logger.py:76 - Logger initialized with level: INFO
2026-01-17 19:37:56 - health_food_system - INFO - main.py:36 - Initializing Health Food Expert System...
2026-01-17 19:37:58 - health_food_system - INFO - main.py:49 - System components initialized successfully
2026-01-17 19:54:19 - health_food_system - INFO - logger.py:76 - Logger initialized with level: INFO
2026-01-17 19:54:21 - health_food_system - INFO - main.py:36 - Initializing Health Food Expert System...
2026-01-17 19:54:23 - health_food_system - INFO - main.py:49 - System components initialized successfully
2026-01-17 19:54:25 - health_food_system - INFO - logger.py:76 - Logger initialized with level: INFO
2026-01-17 19:54:27 - health_food_system - INFO - main.py:36 - Initializing Health Food Expert System...
2026-01-17 19:54:29 - health_food_system - INFO - main.py:49 - System components initialized successfully
2026-01-17 19:56:14 - health_food_system - INFO - logger.py:76 - Logger initialized with level: INFO
2026-01-17 19:56:26 - health_food_system - INFO - logger.py:76 - Logger initialized with level: INFO
2026-01-17 19:56:28 - health_food_system - INFO - main.py:36 - Initializing Health Food Expert System...
2026-01-17 19:56:30 - health_food_system - INFO - main.py:49 - System components initialized successfully
2026-01-17 19:56:33 - health_food_system - INFO - logger.py:76 - Logger initialized with level: INFO
2026-01-17 19:56:35 - health_food_system - INFO - main.py:36 - Initializing Health Food Expert System...
2026-01-17 19:56:37 - health_food_system - INFO - main.py:49 - System components initialized successfully
2026-01-17 20:15:54 - health_food_system - INFO - logger.py:76 - Logger initialized with level: INFO
2026-01-17 20:15:56 - health_food_system - INFO - main.py:36 - Initializing Health Food Expert System...
2026-01-17 20:15:58 - health_food_system - INFO - main.py:49 - System components initialized successfully
2026-01-17 20:16:01 - health_food_system - INFO - logger.py:76 - Logger initialized with level: INFO
2026-01-17 20:16:03 - health_food_system - INFO - main.py:36 - Initializing Health Food Expert System...
2026-01-17 20:16:05 - health_food_system - INFO - main.py:49 - System components initialized successfully
2026-01-17 20:27:21 - health_food_system - INFO - logger.py:76 - Logger initialized with level: INFO
2026-01-17 20:27:23 - health_food_system - INFO - main.py:36 - Initializing Health Food Expert System...
2026-01-17 20:27:26 - health_food_system - INFO - main.py:49 - System components initialized successfully
2026-01-17 20:27:29 - health_food_system - INFO - logger.py:76 - Logger initialized with level: INFO
2026-01-17 20:27:31 - health_food_system - INFO - main.py:36 - Initializing Health Food Expert System...
2026-01-17 20:27:33 - health_food_system - INFO - main.py:49 - System components initialized successfully
2026-01-17 21:02:34 - health_food_system - INFO - logger.py:76 - Logger initialized with level: INFO
2026-01-17 21:02:37 - health_food_system - INFO - main.py:36 - Initializing Health Food Expert System...
2026-01-17 21:02:39 - health_food_system - INFO - main.py:49 - System components initialized successfully
2026-01-17 21:02:43 - health_food_system - INFO - logger.py:76 - Logger initialized with level: INFO
2026-01-17 21:02:45 - health_food_system - INFO - main.py:36 - Initializing Health Food Expert System...
2026-01-17 21:02:47 - health_food_system - INFO - main.py:49 - System components initialized successfully
2026-01-18 00:47:54 - health_food_system - INFO - logger.py:76 - Logger initialized with level: INFO
2026-01-18 00:47:55 - health_food_system - INFO - main.py:36 - Initializing Health Food Expert System...
2026-01-18 00:47:56 - health_food_system - INFO - main.py:49 - System components initialized successfully
2026-01-18 00:47:58 - health_food_system - INFO - logger.py:76 - Logger initialized with level: INFO
2026-01-18 00:47:59 - health_food_system - INFO - main.py:36 - Initializing Health Food Expert System...
2026-01-18 00:48:00 - health_food_system - INFO - main.py:49 - System components initialized successfully
2026-01-18 06:47:49 - health_food_system - INFO - logger.py:76 - Logger initialized with level: INFO
2026-01-18 06:47:51 - health_food_system - INFO - main.py:36 - Initializing Health Food Expert System...
2026-01-18 06:47:52 - health_food_system - INFO - main.py:49 - System components initialized successfully
2026-01-18 06:47:54 - health_food_system - INFO - logger.py:76 - Logger initialized with level: INFO
2026-01-18 06:47:55 - health_food_system - INFO - main.py:36 - Initializing Health Food Expert System...
2026-01-18 06:47:56 - health_food_system - INFO - main.py:49 - System components initialized successfully
2026-01-18 07:36:35 - health_food_system - INFO - logger.py:76 - Logger initialized with level: INFO
2026-01-18 07:36:36 - health_food_system - INFO - main.py:36 - Initializing Health Food Expert System...
2026-01-18 07:36:37 - health_food_system - INFO - main.py:49 - System components initialized successfully
2026-01-18 07:36:39 - health_food_system - INFO - logger.py:76 - Logger initialized with level: INFO
2026-01-18 07:36:40 - health_food_system - INFO - main.py:36 - Initializing Health Food Expert System...
2026-01-18 07:36:41 - health_food_system - INFO - main.py:49 - System components initialized successfully
2026-01-18 07:53:47 - health_food_system - INFO - logger.py:76 - Logger initialized with level: INFO
2026-01-18 07:53:57 - health_food_system - INFO - logger.py:76 - Logger initialized with level: INFO
2026-01-18 07:53:58 - health_food_system - INFO - main.py:36 - Initializing Health Food Expert System...
2026-01-18 07:54:00 - health_food_system - INFO - main.py:49 - System components initialized successfully
2026-01-18 07:54:02 - health_food_system - INFO - logger.py:76 - Logger initialized with level: INFO
2026-01-18 07:54:03 - health_food_system - INFO - main.py:36 - Initializing Health Food Expert System...
2026-01-18 07:54:05 - health_food_system - INFO - main.py:49 - System components initialized successfully
2026-01-18 08:21:36 - health_food_system - INFO - logger.py:76 - Logger initialized with level: INFO
2026-01-18 08:21:37 - health_food_system - INFO - main.py:36 - Initializing Health Food Expert System...
2026-01-18 08:21:38 - health_food_system - INFO - main.py:49 - System components initialized successfully
2026-01-18 08:21:40 - health_food_system - INFO - logger.py:76 - Logger initialized with level: INFO
2026-01-18 08:21:42 - health_food_system - INFO - main.py:36 - Initializing Health Food Expert System...
2026-01-18 08:21:43 - health_food_system - INFO - main.py:49 - System components initialized successfully
2026-01-18 08:38:07 - health_food_system - INFO - logger.py:76 - Logger initialized with level: INFO
2026-01-18 08:38:08 - health_food_system - INFO - main.py:36 - Initializing Health Food Expert System...
2026-01-18 08:38:09 - health_food_system - INFO - main.py:49 - System components initialized successfully
2026-01-18 08:38:11 - health_food_system - INFO - logger.py:76 - Logger initialized with level: INFO
2026-01-18 08:38:12 - health_food_system - INFO - main.py:36 - Initializing Health Food Expert System...
2026-01-18 08:38:13 - health_food_system - INFO - main.py:49 - System components initialized successfully
2026-01-18 10:07:54 - health_food_system - INFO - logger.py:76 - Logger initialized with level: INFO
2026-01-18 10:07:55 - health_food_system - INFO - main.py:36 - Initializing Health Food Expert System...
2026-01-18 10:07:56 - health_food_system - INFO - main.py:49 - System components initialized successfully
2026-01-18 10:07:59 - health_food_system - INFO - logger.py:76 - Logger initialized with level: INFO
2026-01-18 10:08:00 - health_food_system - INFO - main.py:36 - Initializing Health Food Expert System...
2026-01-18 10:08:01 - health_food_system - INFO - main.py:49 - System components initialized successfully
2026-01-18 10:12:00 - health_food_system - INFO - logger.py:76 - Logger initialized with level: INFO
2026-01-18 10:12:01 - health_food_system - INFO - main.py:36 - Initializing Health Food Expert System...
2026-01-18 10:12:02 - health_food_system - INFO - main.py:49 - System components initialized successfully
2026-01-18 10:12:04 - health_food_system - INFO - logger.py:76 - Logger initialized with level: INFO
2026-01-18 10:12:05 - health_food_system - INFO - main.py:36 - Initializing Health Food Expert System...
2026-01-18 10:12:06 - health_food_system - INFO - main.py:49 - System components initialized successfully
2026-01-18 10:18:09 - health_food_system - INFO - logger.py:76 - Logger initialized with level: INFO
2026-01-18 10:18:18 - health_food_system - INFO - logger.py:76 - Logger initialized with level: INFO
2026-01-18 10:18:20 - health_food_system - INFO - main.py:36 - Initializing Health Food Expert System...
2026-01-18 10:18:21 - health_food_system - INFO - main.py:49 - System components initialized successfully
2026-01-18 10:18:22 - health_food_system - INFO - logger.py:76 - Logger initialized with level: INFO
2026-01-18 10:18:23 - health_food_system - INFO - main.py:36 - Initializing Health Food Expert System...
2026-01-18 10:18:24 - health_food_system - INFO - main.py:49 - System components initialized successfully
2026-01-18 12:02:58 - health_food_system - INFO - logger.py:76 - Logger initialized with level: INFO
2026-01-18 12:03:00 - health_food_system - INFO - main.py:36 - Initializing Health Food Expert System...
2026-01-18 12:03:01 - health_food_system - INFO - main.py:49 - System components initialized successfully
2026-01-18 12:03:03 - health_food_system - INFO - logger.py:76 - Logger initialized with level: INFO
2026-01-18 12:03:04 - health_food_system - INFO - main.py:36 - Initializing Health Food Expert System...
2026-01-18 12:03:05 - health_food_system - INFO - main.py:49 - System components initialized successfully
2026-01-18 14:24:46 - health_food_system - INFO - logger.py:76 - Logger initialized with level: INFO
2026-01-18 14:24:53 - health_food_system - INFO - main.py:36 - Initializing Health Food Expert System...
2026-01-18 14:24:54 - health_food_system - INFO - main.py:49 - System components initialized successfully
2026-01-18 14:24:56 - health_food_system - INFO - logger.py:76 - Logger initialized with level: INFO
2026-01-18 14:24:57 - health_food_system - INFO - main.py:36 - Initializing Health Food Expert System...
2026-01-18 14:24:59 - health_food_system - INFO - main.py:49 - System components initialized successfully
2026-01-18 14:28:46 - health_food_system - INFO - logger.py:76 - Logger initialized with level: INFO
2026-01-18 14:28:47 - health_food_system - INFO - main.py:36 - Initializing Health Food Expert System...
2026-01-18 14:29:34 - health_food_system - INFO - logger.py:76 - Logger initialized with level: INFO
2026-01-18 14:29:36 - health_food_system - INFO - main.py:36 - Initializing Health Food Expert System...
2026-01-18 14:29:37 - health_food_system - INFO - main.py:49 - System components initialized successfully
2026-01-18 14:29:39 - health_food_system - INFO - logger.py:76 - Logger initialized with level: INFO
2026-01-18 14:29:40 - health_food_system - INFO - main.py:36 - Initializing Health Food Expert System...
2026-01-18 14:29:41 - health_food_system - INFO - main.py:49 - System components initialized successfully
2026-01-18 18:37:44 - health_food_system - INFO - logger.py:76 - Logger initialized with level: INFO
2026-01-18 18:37:52 - health_food_system - INFO - main.py:73 - Initializing Health Food Expert System...
2026-01-18 18:37:54 - health_food_system - INFO - main.py:86 - System components initialized successfully
2026-01-18 18:37:58 - health_food_system - INFO - logger.py:76 - Logger initialized with level: INFO
2026-01-18 18:38:00 - health_food_system - INFO - main.py:73 - Initializing Health Food Expert System...
2026-01-18 18:38:02 - health_food_system - INFO - main.py:86 - System components initialized successfully
2026-01-19 19:07:33 - health_food_system - INFO - logger.py:76 - Logger initialized with level: INFO
2026-01-20 00:55:45 - health_food_system - INFO - logger.py:76 - Logger initialized with level: INFO
2026-01-20 00:55:46 - health_food_system - INFO - main.py:73 - Initializing Health Food Expert System...
2026-01-20 00:55:47 - health_food_system - INFO - main.py:86 - System components initialized successfully
2026-01-20 00:55:49 - health_food_system - INFO - logger.py:76 - Logger initialized with level: INFO
2026-01-20 00:55:50 - health_food_system - INFO - main.py:73 - Initializing Health Food Expert System...
2026-01-20 00:55:52 - health_food_system - INFO - main.py:86 - System components initialized successfully
2026-01-20 00:59:55 - health_food_system - INFO - logger.py:76 - Logger initialized with level: INFO
2026-01-20 00:59:56 - health_food_system - INFO - main.py:73 - Initializing Health Food Expert System...
2026-01-20 00:59:58 - health_food_system - INFO - main.py:86 - System components initialized successfully
